Using pre-set license
Built from '2020.3/staging' branch; Version is '2020.3.5f1 (8095aa901b9b) revision 8426922'; Using compiler version '192528614'; Build Type 'Release'
OS: 'Windows 10 Home; OS build 19041.928; Version 2004; 64bit' Language: 'en' Physical Memory: 16310 MB
BatchMode: 1, IsHumanControllingUs: 0, StartBugReporterOnCrash: 0, Is64bit: 1, IsPro: 0

 COMMAND LINE ARGUMENTS:
G:\Unity\2020.3.5f1\Editor\Unity.exe
-adb2
-batchMode
-noUpm
-name
AssetImportWorker0
-projectPath
D:/Uni Work/Year 4/Honours/Honours
-logFile
Logs/AssetImportWorker0.log
-srvPort
55259
Successfully changed project path to: D:/Uni Work/Year 4/Honours/Honours
D:/Uni Work/Year 4/Honours/Honours
Using Asset Import Pipeline V2.
Refreshing native plugins compatible for Editor in 16.26 ms, found 0 plugins.
Preloading 0 native plugins for Editor in 0.00 ms.
Initialize engine version: 2020.3.5f1 (8095aa901b9b)
[Subsystems] Discovering subsystems at path G:/Unity/2020.3.5f1/Editor/Data/Resources/UnitySubsystems
[Subsystems] Discovering subsystems at path D:/Uni Work/Year 4/Honours/Honours/Assets
GfxDevice: creating device client; threaded=0
Direct3D:
    Version:  Direct3D 11.0 [level 11.1]
    Renderer: NVIDIA GeForce GTX 1060 6GB (ID=0x1b83)
    Vendor:   
    VRAM:     6052 MB
    Driver:   27.21.14.6611
Initialize mono
Mono path[0] = 'G:/Unity/2020.3.5f1/Editor/Data/Managed'
Mono path[1] = 'G:/Unity/2020.3.5f1/Editor/Data/MonoBleedingEdge/lib/mono/unityjit'
Mono config path = 'G:/Unity/2020.3.5f1/Editor/Data/MonoBleedingEdge/etc'
Using monoOptions --debugger-agent=transport=dt_socket,embedding=1,server=y,suspend=n,address=127.0.0.1:56980
Begin MonoManager ReloadAssembly
Registering precompiled unity dll's ...
Register platform support module: G:/Unity/2020.3.5f1/Editor/Data/PlaybackEngines/WindowsStandaloneSupport/UnityEditor.WindowsStandalone.Extensions.dll
Registered in 0.000757 seconds.
Native extension for WindowsStandalone target not found
Refreshing native plugins compatible for Editor in 18.61 ms, found 0 plugins.
Preloading 0 native plugins for Editor in 0.00 ms.
Mono: successfully reloaded assembly
- Completed reload, in  1.034 seconds
Platform modules already initialized, skipping
Registering precompiled user dll's ...
Registered in 0.001664 seconds.
Begin MonoManager ReloadAssembly
Native extension for WindowsStandalone target not found
Refreshing native plugins compatible for Editor in 0.24 ms, found 0 plugins.
Preloading 0 native plugins for Editor in 0.00 ms.
Mono: successfully reloaded assembly
- Completed reload, in  0.536 seconds
Platform modules already initialized, skipping
========================================================================
Worker process is ready to serve import requests
Launched and connected shader compiler UnityShaderCompiler.exe after 0.04 seconds
Refreshing native plugins compatible for Editor in 0.25 ms, found 0 plugins.
Preloading 0 native plugins for Editor in 0.00 ms.
Unloading 1172 Unused Serialized files (Serialized files now loaded: 0)
System memory in use before: 70.9 MB.
System memory in use after: 71.0 MB.

Unloading 10 unused Assets to reduce memory usage. Loaded Objects now: 1632.
Total: 1.781600 ms (FindLiveObjects: 0.179800 ms CreateObjectMapping: 0.052100 ms MarkObjects: 1.468900 ms  DeleteObjects: 0.079900 ms)

========================================================================
Received Import Request.
  path: Assets/Pedestrian System/Prefabs/Resources/Active/PedestrianObject_Cube.prefab
  artifactKey: Guid(847b548e11d7ea642bbdb1e7491ea70d) Importer(815301076,1909f56bfc062723c751e8b465ee728b)
Start importing Assets/Pedestrian System/Prefabs/Resources/Active/PedestrianObject_Cube.prefab using Guid(847b548e11d7ea642bbdb1e7491ea70d) Importer(815301076,1909f56bfc062723c751e8b465ee728b)  -> (artifact id: '7a2f337c8691f770c9a6d9a780472346') in 0.089174 seconds
  Import took 0.090936 seconds .

========================================================================
Received Prepare
Registering precompiled user dll's ...
Registered in 0.000319 seconds.
Begin MonoManager ReloadAssembly
Native extension for WindowsStandalone target not found
Refreshing native plugins compatible for Editor in 0.24 ms, found 0 plugins.
Preloading 0 native plugins for Editor in 0.00 ms.
Mono: successfully reloaded assembly
- Completed reload, in  0.501 seconds
Platform modules already initialized, skipping
Refreshing native plugins compatible for Editor in 0.24 ms, found 0 plugins.
Preloading 0 native plugins for Editor in 0.00 ms.
Unloading 1166 Unused Serialized files (Serialized files now loaded: 0)
System memory in use before: 73.8 MB.
System memory in use after: 73.8 MB.

Unloading 5 unused Assets to reduce memory usage. Loaded Objects now: 1643.
Total: 1.511500 ms (FindLiveObjects: 0.140500 ms CreateObjectMapping: 0.032600 ms MarkObjects: 1.281200 ms  DeleteObjects: 0.056100 ms)

========================================================================
Received Import Request.
  Time since last request: 5005.236560 seconds.
  path: Assets/New Terrain.asset
  artifactKey: Guid(27185f8d543146c43bd7bc90b600c2cf) Importer(815301076,1909f56bfc062723c751e8b465ee728b)
Start importing Assets/New Terrain.asset using Guid(27185f8d543146c43bd7bc90b600c2cf) Importer(815301076,1909f56bfc062723c751e8b465ee728b)  -> (artifact id: '8bb6e6dadb2525e4a4b4974cc88c1f0a') in 0.069203 seconds
  Import took 0.072960 seconds .

========================================================================
Received Import Request.
  Time since last request: 2.429379 seconds.
  path: Assets/Pedestrian System/Materials/Floor.mat
  artifactKey: Guid(95712415ba44d8b498dc25503f27a95e) Importer(815301076,1909f56bfc062723c751e8b465ee728b)
Start importing Assets/Pedestrian System/Materials/Floor.mat using Guid(95712415ba44d8b498dc25503f27a95e) Importer(815301076,1909f56bfc062723c751e8b465ee728b)  -> (artifact id: '7b9d07e11adb5d22fdcb102910390269') in 0.087876 seconds
  Import took 0.089794 seconds .

========================================================================
Received Import Request.
  Time since last request: 0.000144 seconds.
  path: Assets/Pedestrian System/Materials/PedestrianObject.mat
  artifactKey: Guid(2655784786bff2642b205d675a6c3839) Importer(815301076,1909f56bfc062723c751e8b465ee728b)
Start importing Assets/Pedestrian System/Materials/PedestrianObject.mat using Guid(2655784786bff2642b205d675a6c3839) Importer(815301076,1909f56bfc062723c751e8b465ee728b)  -> (artifact id: '66acd809206c4592ecd5425f50546693') in 0.013405 seconds
  Import took 0.015468 seconds .

========================================================================
Received Import Request.
  Time since last request: 0.000123 seconds.
  path: Assets/Pedestrian System/Materials/PedestrianNode.mat
  artifactKey: Guid(d12fb586dd9642e47a945d2b3aac0066) Importer(815301076,1909f56bfc062723c751e8b465ee728b)
Start importing Assets/Pedestrian System/Materials/PedestrianNode.mat using Guid(d12fb586dd9642e47a945d2b3aac0066) Importer(815301076,1909f56bfc062723c751e8b465ee728b)  -> (artifact id: '5b9edd0ab0edf7d96d8d4b46c8d47089') in 0.014750 seconds
  Import took 0.016588 seconds .

========================================================================
Received Import Request.
  Time since last request: 0.000147 seconds.
  path: Assets/Pedestrian System/Materials/PedestrianObjectSpawner.mat
  artifactKey: Guid(c93cafdafacee07458ce40229990b0cb) Importer(815301076,1909f56bfc062723c751e8b465ee728b)
Start importing Assets/Pedestrian System/Materials/PedestrianObjectSpawner.mat using Guid(c93cafdafacee07458ce40229990b0cb) Importer(815301076,1909f56bfc062723c751e8b465ee728b)  -> (artifact id: 'a294e80a721c2d9006788183f2c304a9') in 0.027380 seconds
  Import took 0.029531 seconds .

========================================================================
Received Import Request.
  Time since last request: 0.676806 seconds.
  path: Assets/Pedestrian System/Models/anchor.FBX
  artifactKey: Guid(5d897a4d31286c7498ae230e4c911ec5) Importer(815301076,1909f56bfc062723c751e8b465ee728b)
Start importing Assets/Pedestrian System/Models/anchor.FBX using Guid(5d897a4d31286c7498ae230e4c911ec5) Importer(815301076,1909f56bfc062723c751e8b465ee728b)  -> (artifact id: '5b4ae903dcc1c500e58a0cabb86ae9e0') in 0.186652 seconds
  Import took 0.188556 seconds .

========================================================================
Received Import Request.
  Time since last request: 0.000146 seconds.
  path: Assets/Pedestrian System/Models/edit.FBX
  artifactKey: Guid(17ad286ef54c4dc49a13ac91f6c86a0d) Importer(815301076,1909f56bfc062723c751e8b465ee728b)
Start importing Assets/Pedestrian System/Models/edit.FBX using Guid(17ad286ef54c4dc49a13ac91f6c86a0d) Importer(815301076,1909f56bfc062723c751e8b465ee728b)  -> (artifact id: 'f059fc51a62cfeb7d440482cb832480f') in 0.018554 seconds
  Import took 0.020594 seconds .

========================================================================
Received Import Request.
  Time since last request: 0.000604 seconds.
  path: Assets/Pedestrian System/Models/edit.FBX
  artifactKey: Guid(17ad286ef54c4dc49a13ac91f6c86a0d) Importer(815301076,1909f56bfc062723c751e8b465ee728b)
Start importing Assets/Pedestrian System/Models/edit.FBX using Guid(17ad286ef54c4dc49a13ac91f6c86a0d) Importer(815301076,1909f56bfc062723c751e8b465ee728b)  -> (artifact id: 'f059fc51a62cfeb7d440482cb832480f') in 0.012106 seconds
  Import took 0.014095 seconds .

========================================================================
Received Import Request.
  Time since last request: 8.347009 seconds.
  path: Assets/Pedestrian System
  artifactKey: Guid(f130c4e9fa48b674095c22b89858d548) Importer(815301076,1909f56bfc062723c751e8b465ee728b)
Start importing Assets/Pedestrian System using Guid(f130c4e9fa48b674095c22b89858d548) Importer(815301076,1909f56bfc062723c751e8b465ee728b)  -> (artifact id: '6f3170343ed8691431f5b7db8be9be19') in 0.006920 seconds
  Import took 0.008726 seconds .

========================================================================
Received Import Request.
  Time since last request: 3.095223 seconds.
  path: Assets/Pedestrian System/Scripts/Detection.cs
  artifactKey: Guid(7a2c1487a07a55743bf765283b8e23ff) Importer(815301076,1909f56bfc062723c751e8b465ee728b)
Start importing Assets/Pedestrian System/Scripts/Detection.cs using Guid(7a2c1487a07a55743bf765283b8e23ff) Importer(815301076,1909f56bfc062723c751e8b465ee728b)  -> (artifact id: '4a576603f9ee268fe4137485afac792b') in 0.020836 seconds
  Import took 0.022872 seconds .

========================================================================
Received Import Request.
  Time since last request: 8004.378176 seconds.
  path: Assets/Pedestrian System/Scripts/Exit.cs
  artifactKey: Guid(0308bd51cbb874346b4c9d9eb60de26c) Importer(815301076,1909f56bfc062723c751e8b465ee728b)
Start importing Assets/Pedestrian System/Scripts/Exit.cs using Guid(0308bd51cbb874346b4c9d9eb60de26c) Importer(815301076,1909f56bfc062723c751e8b465ee728b)  -> (artifact id: 'b1d556c2a922c322f710aef7e5ed6a2a') in 0.007209 seconds
  Import took 0.040946 seconds .

AssetImportWorkerClient::OnTransportError - code=2 error=End of file
